Configuration file: /home/alee8/Alee08.github.io/_config.yml
            Source: /home/alee8/Alee08.github.io
       Destination: /home/alee8/Alee08.github.io/_site
 Incremental build: disabled. Enable with --incremental
      Generating... 
       Jekyll Feed: Generating feed for posts
                    done in 0.275 seconds.
 Auto-regeneration: enabled for '/home/alee8/Alee08.github.io'
    Server address: http://127.0.0.1:4000/
  Server running... press ctrl-c to stop.
      Regenerating: 1 file(s) changed at 2025-12-24 20:25:07
                    .jekyll-serve.log
       Jekyll Feed: Generating feed for posts
                    ...done in 0.370416608 seconds.
                    
      Regenerating: 1 file(s) changed at 2025-12-24 20:25:07
                    .jekyll-serve.log
       Jekyll Feed: Generating feed for posts
                    ...done in 0.184743965 seconds.
                    
      Regenerating: 1 file(s) changed at 2025-12-24 20:25:08
                    .jekyll-serve.log
       Jekyll Feed: Generating feed for posts
                    ...done in 0.191429716 seconds.
                    
      Regenerating: 1 file(s) changed at 2025-12-24 20:25:08
                    .jekyll-serve.log
       Jekyll Feed: Generating feed for posts
                    ...done in 0.162944163 seconds.
                    
      Regenerating: 1 file(s) changed at 2025-12-24 20:25:08
                    .jekyll-serve.log
       Jekyll Feed: Generating feed for posts
                    ...done in 0.20060104 seconds.
                    
      Regenerating: 1 file(s) changed at 2025-12-24 20:25:08
                    .jekyll-serve.log
       Jekyll Feed: Generating feed for posts
                    ...done in 0.165444535 seconds.
                    
      Regenerating: 1 file(s) changed at 2025-12-24 20:25:09
                    .jekyll-serve.log
       Jekyll Feed: Generating feed for posts
                    ...done in 0.195505788 seconds.
                    
      Regenerating: 1 file(s) changed at 2025-12-24 20:25:09
                    .jekyll-serve.log
       Jekyll Feed: Generating feed for posts
                    ...done in 0.161995941 seconds.
                    
      Regenerating: 1 file(s) changed at 2025-12-24 20:25:09
                    .jekyll-serve.log
       Jekyll Feed: Generating feed for posts
                    ...done in 0.198920759 seconds.
                    
      Regenerating: 1 file(s) changed at 2025-12-24 20:25:10
                    .jekyll-serve.log
       Jekyll Feed: Generating feed for posts
                    ...done in 0.162555917 seconds.
                    
      Regenerating: 1 file(s) changed at 2025-12-24 20:25:10
                    .jekyll-serve.log
       Jekyll Feed: Generating feed for posts
                    ...done in 0.194588966 seconds.
                    
      Regenerating: 1 file(s) changed at 2025-12-24 20:25:10
                    .jekyll-serve.log
       Jekyll Feed: Generating feed for posts
                    ...done in 0.162032132 seconds.
                    
      Regenerating: 1 file(s) changed at 2025-12-24 20:25:10
                    .jekyll-serve.log
       Jekyll Feed: Generating feed for posts
                    ...done in 0.191317447 seconds.
                    
      Regenerating: 1 file(s) changed at 2025-12-24 20:25:11
                    .jekyll-serve.log
       Jekyll Feed: Generating feed for posts
                    ...done in 0.173907719 seconds.
                    
      Regenerating: 1 file(s) changed at 2025-12-24 20:25:11
                    .jekyll-serve.log
       Jekyll Feed: Generating feed for posts
                    ...done in 0.192430653 seconds.
                    
      Regenerating: 1 file(s) changed at 2025-12-24 20:25:11
                    .jekyll-serve.log
       Jekyll Feed: Generating feed for posts
                    ...done in 0.168195326 seconds.
                    
      Regenerating: 1 file(s) changed at 2025-12-24 20:25:11
                    .jekyll-serve.log
       Jekyll Feed: Generating feed for posts
                    ...done in 0.198971578 seconds.
                    
      Regenerating: 1 file(s) changed at 2025-12-24 20:25:12
                    .jekyll-serve.log
       Jekyll Feed: Generating feed for posts
                    ...done in 0.170286212 seconds.
                    
      Regenerating: 1 file(s) changed at 2025-12-24 20:25:12
                    .jekyll-serve.log
       Jekyll Feed: Generating feed for posts
                    ...done in 0.196543928 seconds.
                    
      Regenerating: 1 file(s) changed at 2025-12-24 20:25:12
                    .jekyll-serve.log
       Jekyll Feed: Generating feed for posts
                    ...done in 0.165161451 seconds.
                    
      Regenerating: 1 file(s) changed at 2025-12-24 20:25:13
                    .jekyll-serve.log
       Jekyll Feed: Generating feed for posts
                    ...done in 0.194611316 seconds.
                    
      Regenerating: 1 file(s) changed at 2025-12-24 20:25:13
                    .jekyll-serve.log
       Jekyll Feed: Generating feed for posts
                    ...done in 0.16600215 seconds.
                    
      Regenerating: 1 file(s) changed at 2025-12-24 20:25:13
                    .jekyll-serve.log
       Jekyll Feed: Generating feed for posts
                    ...done in 0.198381083 seconds.
                    
      Regenerating: 2 file(s) changed at 2025-12-24 20:25:13
                    .jekyll-serve.log
                    _data/navigation.yml
       Jekyll Feed: Generating feed for posts
                    ...done in 0.16920384 seconds.
                    
      Regenerating: 1 file(s) changed at 2025-12-24 20:25:14
                    .jekyll-serve.log
       Jekyll Feed: Generating feed for posts
                    ...done in 0.197861312 seconds.
                    
      Regenerating: 1 file(s) changed at 2025-12-24 20:25:14
                    .jekyll-serve.log
       Jekyll Feed: Generating feed for posts
                    ...done in 0.167906281 seconds.
                    
      Regenerating: 1 file(s) changed at 2025-12-24 20:25:14
                    .jekyll-serve.log
       Jekyll Feed: Generating feed for posts
                    ...done in 0.195190416 seconds.
                    
      Regenerating: 1 file(s) changed at 2025-12-24 20:25:15
                    .jekyll-serve.log
       Jekyll Feed: Generating feed for posts
                    ...done in 0.163585897 seconds.
                    
      Regenerating: 1 file(s) changed at 2025-12-24 20:25:15
                    .jekyll-serve.log
       Jekyll Feed: Generating feed for posts
                    ...done in 0.194396519 seconds.
                    
      Regenerating: 1 file(s) changed at 2025-12-24 20:25:15
                    .jekyll-serve.log
       Jekyll Feed: Generating feed for posts
                    ...done in 0.165483782 seconds.
                    
      Regenerating: 1 file(s) changed at 2025-12-24 20:25:15
                    .jekyll-serve.log
       Jekyll Feed: Generating feed for posts
                    ...done in 0.20778301 seconds.
                    
      Regenerating: 1 file(s) changed at 2025-12-24 20:25:16
                    .jekyll-serve.log
       Jekyll Feed: Generating feed for posts
                    ...done in 0.172596035 seconds.
                    
      Regenerating: 1 file(s) changed at 2025-12-24 20:25:16
                    .jekyll-serve.log
       Jekyll Feed: Generating feed for posts
                    ...done in 0.192006029 seconds.
                    
      Regenerating: 1 file(s) changed at 2025-12-24 20:25:16
                    .jekyll-serve.log
       Jekyll Feed: Generating feed for posts
                    ...done in 0.17733893 seconds.
                    
      Regenerating: 1 file(s) changed at 2025-12-24 20:25:17
                    .jekyll-serve.log
       Jekyll Feed: Generating feed for posts
                    ...done in 0.22188458 seconds.
                    
      Regenerating: 1 file(s) changed at 2025-12-24 20:25:17
                    .jekyll-serve.log
       Jekyll Feed: Generating feed for posts
                    ...done in 0.195719968 seconds.
                    
      Regenerating: 1 file(s) changed at 2025-12-24 20:25:17
                    .jekyll-serve.log
       Jekyll Feed: Generating feed for posts
                    ...done in 0.198496268 seconds.
                    
      Regenerating: 1 file(s) changed at 2025-12-24 20:25:17
                    .jekyll-serve.log
       Jekyll Feed: Generating feed for posts
                    ...done in 0.163971289 seconds.
                    
      Regenerating: 1 file(s) changed at 2025-12-24 20:25:18
                    .jekyll-serve.log
       Jekyll Feed: Generating feed for posts
                    ...done in 0.212340068 seconds.
                    
      Regenerating: 1 file(s) changed at 2025-12-24 20:25:18
                    .jekyll-serve.log
       Jekyll Feed: Generating feed for posts
                    ...done in 0.171806044 seconds.
                    
      Regenerating: 2 file(s) changed at 2025-12-24 20:25:18
                    .jekyll-serve.log
                    _pages/papers.md
       Jekyll Feed: Generating feed for posts
                    ...done in 0.201021273 seconds.
                    
      Regenerating: 1 file(s) changed at 2025-12-24 20:25:19
                    .jekyll-serve.log
       Jekyll Feed: Generating feed for posts
[31m                    ------------------------------------------------[0m
[31m      Jekyll 4.3.1   Please append `--trace` to the `serve` command [0m
[31m                     for any additional information or backtrace. [0m
[31m                    ------------------------------------------------[0m
/home/alee8/.rbenv/versions/3.1.0/lib/ruby/gems/3.1.0/gems/jekyll-4.3.1/lib/jekyll/commands/serve.rb:286:in `join': SIGTERM (SignalException)
	from /home/alee8/.rbenv/versions/3.1.0/lib/ruby/gems/3.1.0/gems/jekyll-4.3.1/lib/jekyll/commands/serve.rb:286:in `boot_or_detach'
	from /home/alee8/.rbenv/versions/3.1.0/lib/ruby/gems/3.1.0/gems/jekyll-4.3.1/lib/jekyll/commands/serve.rb:223:in `start_up_webrick'
	from /home/alee8/.rbenv/versions/3.1.0/lib/ruby/gems/3.1.0/gems/jekyll-4.3.1/lib/jekyll/commands/serve.rb:102:in `process'
	from /home/alee8/.rbenv/versions/3.1.0/lib/ruby/gems/3.1.0/gems/jekyll-4.3.1/lib/jekyll/command.rb:91:in `block in process_with_graceful_fail'
	from /home/alee8/.rbenv/versions/3.1.0/lib/ruby/gems/3.1.0/gems/jekyll-4.3.1/lib/jekyll/command.rb:91:in `each'
	from /home/alee8/.rbenv/versions/3.1.0/lib/ruby/gems/3.1.0/gems/jekyll-4.3.1/lib/jekyll/command.rb:91:in `process_with_graceful_fail'
	from /home/alee8/.rbenv/versions/3.1.0/lib/ruby/gems/3.1.0/gems/jekyll-4.3.1/lib/jekyll/commands/serve.rb:86:in `block (2 levels) in init_with_program'
	from /home/alee8/.rbenv/versions/3.1.0/lib/ruby/gems/3.1.0/gems/mercenary-0.4.0/lib/mercenary/command.rb:221:in `block in execute'
	from /home/alee8/.rbenv/versions/3.1.0/lib/ruby/gems/3.1.0/gems/mercenary-0.4.0/lib/mercenary/command.rb:221:in `each'
	from /home/alee8/.rbenv/versions/3.1.0/lib/ruby/gems/3.1.0/gems/mercenary-0.4.0/lib/mercenary/command.rb:221:in `execute'
	from /home/alee8/.rbenv/versions/3.1.0/lib/ruby/gems/3.1.0/gems/mercenary-0.4.0/lib/mercenary/program.rb:44:in `go'
	from /home/alee8/.rbenv/versions/3.1.0/lib/ruby/gems/3.1.0/gems/mercenary-0.4.0/lib/mercenary.rb:21:in `program'
	from /home/alee8/.rbenv/versions/3.1.0/lib/ruby/gems/3.1.0/gems/jekyll-4.3.1/exe/jekyll:15:in `<top (required)>'
	from /home/alee8/.rbenv/versions/3.1.0/bin/jekyll:25:in `load'
	from /home/alee8/.rbenv/versions/3.1.0/bin/jekyll:25:in `<top (required)>'
	from /home/alee8/.rbenv/versions/3.1.0/lib/ruby/gems/3.1.0/gems/bundler-2.3.12/lib/bundler/cli/exec.rb:58:in `load'
	from /home/alee8/.rbenv/versions/3.1.0/lib/ruby/gems/3.1.0/gems/bundler-2.3.12/lib/bundler/cli/exec.rb:58:in `kernel_load'
	from /home/alee8/.rbenv/versions/3.1.0/lib/ruby/gems/3.1.0/gems/bundler-2.3.12/lib/bundler/cli/exec.rb:23:in `run'
	from /home/alee8/.rbenv/versions/3.1.0/lib/ruby/gems/3.1.0/gems/bundler-2.3.12/lib/bundler/cli.rb:483:in `exec'
	from /home/alee8/.rbenv/versions/3.1.0/lib/ruby/gems/3.1.0/gems/bundler-2.3.12/lib/bundler/vendor/thor/lib/thor/command.rb:27:in `run'
	from /home/alee8/.rbenv/versions/3.1.0/lib/ruby/gems/3.1.0/gems/bundler-2.3.12/lib/bundler/vendor/thor/lib/thor/invocation.rb:127:in `invoke_command'
	from /home/alee8/.rbenv/versions/3.1.0/lib/ruby/gems/3.1.0/gems/bundler-2.3.12/lib/bundler/vendor/thor/lib/thor.rb:392:in `dispatch'
	from /home/alee8/.rbenv/versions/3.1.0/lib/ruby/gems/3.1.0/gems/bundler-2.3.12/lib/bundler/cli.rb:31:in `dispatch'
	from /home/alee8/.rbenv/versions/3.1.0/lib/ruby/gems/3.1.0/gems/bundler-2.3.12/lib/bundler/vendor/thor/lib/thor/base.rb:485:in `start'
	from /home/alee8/.rbenv/versions/3.1.0/lib/ruby/gems/3.1.0/gems/bundler-2.3.12/lib/bundler/cli.rb:25:in `start'
	from /home/alee8/.rbenv/versions/3.1.0/lib/ruby/gems/3.1.0/gems/bundler-2.3.12/exe/bundle:48:in `block in <top (required)>'
	from /home/alee8/.rbenv/versions/3.1.0/lib/ruby/gems/3.1.0/gems/bundler-2.3.12/lib/bundler/friendly_errors.rb:103:in `with_friendly_errors'
	from /home/alee8/.rbenv/versions/3.1.0/lib/ruby/gems/3.1.0/gems/bundler-2.3.12/exe/bundle:36:in `<top (required)>'
	from /home/alee8/.rbenv/versions/3.1.0/bin/bundle:25:in `load'
	from /home/alee8/.rbenv/versions/3.1.0/bin/bundle:25:in `<main>'
